The system is: Linux - 5.0.0-23-generic - x86_64
Compiling the C compiler identification source file "CMakeCCompilerId.c" succeeded.
Compiler: /usr/local/arm/bin/aarch64-linux-gnu-gcc 
Build flags: 
Id flags:  

The output was:
0


Compilation of the C compiler identification source "CMakeCCompilerId.c" produced "a.out"

The C compiler identification is GNU, found in "/home/xiong/workspace/tensorflow-master/tensorflow/lite/project/compile/CMakeFiles/3.10.2/CompilerIdC/a.out"

Compiling the CXX compiler identification source file "CMakeCXXCompilerId.cpp" succeeded.
Compiler: /usr/local/arm/bin/aarch64-linux-gnu-g++ 
Build flags: 
Id flags:  

The output was:
0


Compilation of the CXX compiler identification source "CMakeCXXCompilerId.cpp" produced "a.out"

The CXX compiler identification is GNU, found in "/home/xiong/workspace/tensorflow-master/tensorflow/lite/project/compile/CMakeFiles/3.10.2/CompilerIdCXX/a.out"

Determining if the C compiler works passed with the following output:
Change Dir: /home/xiong/workspace/tensorflow-master/tensorflow/lite/project/compile/CMakeFiles/CMakeTmp

Run Build Command:"/usr/bin/make" "cmTC_944f0/fast"
/usr/bin/make -f CMakeFiles/cmTC_944f0.dir/build.make CMakeFiles/cmTC_944f0.dir/build
make[1]: Entering directory '/home/xiong/workspace/tensorflow-master/tensorflow/lite/project/compile/CMakeFiles/CMakeTmp'
Building C object CMakeFiles/cmTC_944f0.dir/testCCompiler.c.o
/usr/local/arm/bin/aarch64-linux-gnu-gcc    -o CMakeFiles/cmTC_944f0.dir/testCCompiler.c.o   -c /home/xiong/workspace/tensorflow-master/tensorflow/lite/project/compile/CMakeFiles/CMakeTmp/testCCompiler.c
Linking C executable cmTC_944f0
/usr/bin/cmake -E cmake_link_script CMakeFiles/cmTC_944f0.dir/link.txt --verbose=1
/usr/local/arm/bin/aarch64-linux-gnu-gcc      CMakeFiles/cmTC_944f0.dir/testCCompiler.c.o  -o cmTC_944f0 
make[1]: Leaving directory '/home/xiong/workspace/tensorflow-master/tensorflow/lite/project/compile/CMakeFiles/CMakeTmp'


Detecting C compiler ABI info compiled with the following output:
Change Dir: /home/xiong/workspace/tensorflow-master/tensorflow/lite/project/compile/CMakeFiles/CMakeTmp

Run Build Command:"/usr/bin/make" "cmTC_27e17/fast"
/usr/bin/make -f CMakeFiles/cmTC_27e17.dir/build.make CMakeFiles/cmTC_27e17.dir/build
make[1]: Entering directory '/home/xiong/workspace/tensorflow-master/tensorflow/lite/project/compile/CMakeFiles/CMakeTmp'
Building C object CMakeFiles/cmTC_27e17.dir/CMakeCCompilerABI.c.o
/usr/local/arm/bin/aarch64-linux-gnu-gcc    -o CMakeFiles/cmTC_27e17.dir/CMakeCCompilerABI.c.o   -c /usr/share/cmake-3.10/Modules/CMakeCCompilerABI.c
Linking C executable cmTC_27e17
/usr/bin/cmake -E cmake_link_script CMakeFiles/cmTC_27e17.dir/link.txt --verbose=1
/usr/local/arm/bin/aarch64-linux-gnu-gcc     -v CMakeFiles/cmTC_27e17.dir/CMakeCCompilerABI.c.o  -o cmTC_27e17 
Using built-in specs.
COLLECT_GCC=/usr/local/arm/bin/aarch64-linux-gnu-gcc
COLLECT_LTO_WRAPPER=/usr/local/arm/bin/../libexec/gcc/aarch64-linux-gnu/7.5.0/lto-wrapper
Target: aarch64-linux-gnu
Configured with: '/home/tcwg-buildslave/workspace/tcwg-make-release_0/snapshots/gcc.git~linaro-7.5-2019.12/configure' SHELL=/bin/bash --with-mpc=/home/tcwg-buildslave/workspace/tcwg-make-release_0/_build/builds/destdir/x86_64-unknown-linux-gnu --with-mpfr=/home/tcwg-buildslave/workspace/tcwg-make-release_0/_build/builds/destdir/x86_64-unknown-linux-gnu --with-gmp=/home/tcwg-buildslave/workspace/tcwg-make-release_0/_build/builds/destdir/x86_64-unknown-linux-gnu --with-gnu-as --with-gnu-ld --disable-libmudflap --enable-lto --enable-shared --without-included-gettext --enable-nls --with-system-zlib --disable-sjlj-exceptions --enable-gnu-unique-object --enable-linker-build-id --disable-libstdcxx-pch --enable-c99 --enable-clocale=gnu --enable-libstdcxx-debug --enable-long-long --with-cloog=no --with-ppl=no --with-isl=no --disable-multilib --enable-fix-cortex-a53-835769 --enable-fix-cortex-a53-843419 --with-arch=armv8-a --enable-threads=posix --enable-multiarch --enable-libstdcxx-time=yes --enable-gnu-indirect-function --with-build-sysroot=/home/tcwg-buildslave/workspace/tcwg-make-release_0/_build/sysroots/aarch64-linux-gnu --with-sysroot=/home/tcwg-buildslave/workspace/tcwg-make-release_0/_build/builds/destdir/x86_64-unknown-linux-gnu/aarch64-linux-gnu/libc --enable-checking=release --disable-bootstrap --enable-languages=c,c++,fortran,lto --build=x86_64-unknown-linux-gnu --host=x86_64-unknown-linux-gnu --target=aarch64-linux-gnu --prefix=/home/tcwg-buildslave/workspace/tcwg-make-release_0/_build/builds/destdir/x86_64-unknown-linux-gnu
Thread model: posix
gcc version 7.5.0 (Linaro GCC 7.5-2019.12) 
COMPILER_PATH=/usr/local/arm/bin/../libexec/gcc/aarch64-linux-gnu/7.5.0/:/usr/local/arm/bin/../libexec/gcc/aarch64-linux-gnu/:/usr/local/arm/bin/../libexec/gcc/:/usr/local/arm/bin/../lib/gcc/aarch64-linux-gnu/7.5.0/../../../../aarch64-linux-gnu/bin/
LIBRARY_PATH=/usr/local/arm/bin/../lib/gcc/aarch64-linux-gnu/7.5.0/:/usr/local/arm/bin/../lib/gcc/aarch64-linux-gnu/:/usr/local/arm/bin/../lib/gcc/:/usr/local/arm/bin/../lib/gcc/aarch64-linux-gnu/7.5.0/../../../../aarch64-linux-gnu/lib/../lib64/:/usr/local/arm/bin/../lib/gcc/aarch64-linux-gnu/7.5.0/../../../../aarch64-linux-gnu/lib/:/usr/local/arm/bin/../aarch64-linux-gnu/libc/lib/:/usr/local/arm/bin/../aarch64-linux-gnu/libc/usr/lib/
COLLECT_GCC_OPTIONS='-v' '-o' 'cmTC_27e17' '-march=armv8-a' '-mlittle-endian' '-mabi=lp64'
 /usr/local/arm/bin/../libexec/gcc/aarch64-linux-gnu/7.5.0/collect2 -plugin /usr/local/arm/bin/../libexec/gcc/aarch64-linux-gnu/7.5.0/liblto_plugin.so -plugin-opt=/usr/local/arm/bin/../libexec/gcc/aarch64-linux-gnu/7.5.0/lto-wrapper -plugin-opt=-fresolution=/tmp/ccJRFw4q.res -plugin-opt=-pass-through=-lgcc -plugin-opt=-pass-through=-lgcc_s -plugin-opt=-pass-through=-lc -plugin-opt=-pass-through=-lgcc -plugin-opt=-pass-through=-lgcc_s --sysroot=/usr/local/arm/bin/../aarch64-linux-gnu/libc --build-id --eh-frame-hdr -dynamic-linker /lib/ld-linux-aarch64.so.1 -X -EL -maarch64linux --fix-cortex-a53-835769 --fix-cortex-a53-843419 -o cmTC_27e17 /usr/local/arm/bin/../aarch64-linux-gnu/libc/usr/lib/crt1.o /usr/local/arm/bin/../aarch64-linux-gnu/libc/usr/lib/crti.o /usr/local/arm/bin/../lib/gcc/aarch64-linux-gnu/7.5.0/crtbegin.o -L/usr/local/arm/bin/../lib/gcc/aarch64-linux-gnu/7.5.0 -L/usr/local/arm/bin/../lib/gcc/aarch64-linux-gnu -L/usr/local/arm/bin/../lib/gcc -L/usr/local/arm/bin/../lib/gcc/aarch64-linux-gnu/7.5.0/../../../../aarch64-linux-gnu/lib/../lib64 -L/usr/local/arm/bin/../lib/gcc/aarch64-linux-gnu/7.5.0/../../../../aarch64-linux-gnu/lib -L/usr/local/arm/bin/../aarch64-linux-gnu/libc/lib -L/usr/local/arm/bin/../aarch64-linux-gnu/libc/usr/lib CMakeFiles/cmTC_27e17.dir/CMakeCCompilerABI.c.o -lgcc --as-needed -lgcc_s --no-as-needed -lc -lgcc --as-needed -lgcc_s --no-as-needed /usr/local/arm/bin/../lib/gcc/aarch64-linux-gnu/7.5.0/crtend.o /usr/local/arm/bin/../aarch64-linux-gnu/libc/usr/lib/crtn.o
COLLECT_GCC_OPTIONS='-v' '-o' 'cmTC_27e17' '-march=armv8-a' '-mlittle-endian' '-mabi=lp64'
make[1]: Leaving directory '/home/xiong/workspace/tensorflow-master/tensorflow/lite/project/compile/CMakeFiles/CMakeTmp'


Parsed C implicit link information from above output:
  link line regex: [^( *|.*[/\])(ld|CMAKE_LINK_STARTFILE-NOTFOUND|([^/\]+-)?ld|collect2)[^/\]*( |$)]
  ignore line: [Change Dir: /home/xiong/workspace/tensorflow-master/tensorflow/lite/project/compile/CMakeFiles/CMakeTmp]
  ignore line: []
  ignore line: [Run Build Command:"/usr/bin/make" "cmTC_27e17/fast"]
  ignore line: [/usr/bin/make -f CMakeFiles/cmTC_27e17.dir/build.make CMakeFiles/cmTC_27e17.dir/build]
  ignore line: [make[1]: Entering directory '/home/xiong/workspace/tensorflow-master/tensorflow/lite/project/compile/CMakeFiles/CMakeTmp']
  ignore line: [Building C object CMakeFiles/cmTC_27e17.dir/CMakeCCompilerABI.c.o]
  ignore line: [/usr/local/arm/bin/aarch64-linux-gnu-gcc    -o CMakeFiles/cmTC_27e17.dir/CMakeCCompilerABI.c.o   -c /usr/share/cmake-3.10/Modules/CMakeCCompilerABI.c]
  ignore line: [Linking C executable cmTC_27e17]
  ignore line: [/usr/bin/cmake -E cmake_link_script CMakeFiles/cmTC_27e17.dir/link.txt --verbose=1]
  ignore line: [/usr/local/arm/bin/aarch64-linux-gnu-gcc     -v CMakeFiles/cmTC_27e17.dir/CMakeCCompilerABI.c.o  -o cmTC_27e17 ]
  ignore line: [Using built-in specs.]
  ignore line: [COLLECT_GCC=/usr/local/arm/bin/aarch64-linux-gnu-gcc]
  ignore line: [COLLECT_LTO_WRAPPER=/usr/local/arm/bin/../libexec/gcc/aarch64-linux-gnu/7.5.0/lto-wrapper]
  ignore line: [Target: aarch64-linux-gnu]
  ignore line: [Configured with: '/home/tcwg-buildslave/workspace/tcwg-make-release_0/snapshots/gcc.git~linaro-7.5-2019.12/configure' SHELL=/bin/bash --with-mpc=/home/tcwg-buildslave/workspace/tcwg-make-release_0/_build/builds/destdir/x86_64-unknown-linux-gnu --with-mpfr=/home/tcwg-buildslave/workspace/tcwg-make-release_0/_build/builds/destdir/x86_64-unknown-linux-gnu --with-gmp=/home/tcwg-buildslave/workspace/tcwg-make-release_0/_build/builds/destdir/x86_64-unknown-linux-gnu --with-gnu-as --with-gnu-ld --disable-libmudflap --enable-lto --enable-shared --without-included-gettext --enable-nls --with-system-zlib --disable-sjlj-exceptions --enable-gnu-unique-object --enable-linker-build-id --disable-libstdcxx-pch --enable-c99 --enable-clocale=gnu --enable-libstdcxx-debug --enable-long-long --with-cloog=no --with-ppl=no --with-isl=no --disable-multilib --enable-fix-cortex-a53-835769 --enable-fix-cortex-a53-843419 --with-arch=armv8-a --enable-threads=posix --enable-multiarch --enable-libstdcxx-time=yes --enable-gnu-indirect-function --with-build-sysroot=/home/tcwg-buildslave/workspace/tcwg-make-release_0/_build/sysroots/aarch64-linux-gnu --with-sysroot=/home/tcwg-buildslave/workspace/tcwg-make-release_0/_build/builds/destdir/x86_64-unknown-linux-gnu/aarch64-linux-gnu/libc --enable-checking=release --disable-bootstrap --enable-languages=c,c++,fortran,lto --build=x86_64-unknown-linux-gnu --host=x86_64-unknown-linux-gnu --target=aarch64-linux-gnu --prefix=/home/tcwg-buildslave/workspace/tcwg-make-release_0/_build/builds/destdir/x86_64-unknown-linux-gnu]
  ignore line: [Thread model: posix]
  ignore line: [gcc version 7.5.0 (Linaro GCC 7.5-2019.12) ]
  ignore line: [COMPILER_PATH=/usr/local/arm/bin/../libexec/gcc/aarch64-linux-gnu/7.5.0/:/usr/local/arm/bin/../libexec/gcc/aarch64-linux-gnu/:/usr/local/arm/bin/../libexec/gcc/:/usr/local/arm/bin/../lib/gcc/aarch64-linux-gnu/7.5.0/../../../../aarch64-linux-gnu/bin/]
  ignore line: [LIBRARY_PATH=/usr/local/arm/bin/../lib/gcc/aarch64-linux-gnu/7.5.0/:/usr/local/arm/bin/../lib/gcc/aarch64-linux-gnu/:/usr/local/arm/bin/../lib/gcc/:/usr/local/arm/bin/../lib/gcc/aarch64-linux-gnu/7.5.0/../../../../aarch64-linux-gnu/lib/../lib64/:/usr/local/arm/bin/../lib/gcc/aarch64-linux-gnu/7.5.0/../../../../aarch64-linux-gnu/lib/:/usr/local/arm/bin/../aarch64-linux-gnu/libc/lib/:/usr/local/arm/bin/../aarch64-linux-gnu/libc/usr/lib/]
  ignore line: [COLLECT_GCC_OPTIONS='-v' '-o' 'cmTC_27e17' '-march=armv8-a' '-mlittle-endian' '-mabi=lp64']
  link line: [ /usr/local/arm/bin/../libexec/gcc/aarch64-linux-gnu/7.5.0/collect2 -plugin /usr/local/arm/bin/../libexec/gcc/aarch64-linux-gnu/7.5.0/liblto_plugin.so -plugin-opt=/usr/local/arm/bin/../libexec/gcc/aarch64-linux-gnu/7.5.0/lto-wrapper -plugin-opt=-fresolution=/tmp/ccJRFw4q.res -plugin-opt=-pass-through=-lgcc -plugin-opt=-pass-through=-lgcc_s -plugin-opt=-pass-through=-lc -plugin-opt=-pass-through=-lgcc -plugin-opt=-pass-through=-lgcc_s --sysroot=/usr/local/arm/bin/../aarch64-linux-gnu/libc --build-id --eh-frame-hdr -dynamic-linker /lib/ld-linux-aarch64.so.1 -X -EL -maarch64linux --fix-cortex-a53-835769 --fix-cortex-a53-843419 -o cmTC_27e17 /usr/local/arm/bin/../aarch64-linux-gnu/libc/usr/lib/crt1.o /usr/local/arm/bin/../aarch64-linux-gnu/libc/usr/lib/crti.o /usr/local/arm/bin/../lib/gcc/aarch64-linux-gnu/7.5.0/crtbegin.o -L/usr/local/arm/bin/../lib/gcc/aarch64-linux-gnu/7.5.0 -L/usr/local/arm/bin/../lib/gcc/aarch64-linux-gnu -L/usr/local/arm/bin/../lib/gcc -L/usr/local/arm/bin/../lib/gcc/aarch64-linux-gnu/7.5.0/../../../../aarch64-linux-gnu/lib/../lib64 -L/usr/local/arm/bin/../lib/gcc/aarch64-linux-gnu/7.5.0/../../../../aarch64-linux-gnu/lib -L/usr/local/arm/bin/../aarch64-linux-gnu/libc/lib -L/usr/local/arm/bin/../aarch64-linux-gnu/libc/usr/lib CMakeFiles/cmTC_27e17.dir/CMakeCCompilerABI.c.o -lgcc --as-needed -lgcc_s --no-as-needed -lc -lgcc --as-needed -lgcc_s --no-as-needed /usr/local/arm/bin/../lib/gcc/aarch64-linux-gnu/7.5.0/crtend.o /usr/local/arm/bin/../aarch64-linux-gnu/libc/usr/lib/crtn.o]
    arg [/usr/local/arm/bin/../libexec/gcc/aarch64-linux-gnu/7.5.0/collect2] ==> ignore
    arg [-plugin] ==> ignore
    arg [/usr/local/arm/bin/../libexec/gcc/aarch64-linux-gnu/7.5.0/liblto_plugin.so] ==> ignore
    arg [-plugin-opt=/usr/local/arm/bin/../libexec/gcc/aarch64-linux-gnu/7.5.0/lto-wrapper] ==> ignore
    arg [-plugin-opt=-fresolution=/tmp/ccJRFw4q.res] ==> ignore
    arg [-plugin-opt=-pass-through=-lgcc] ==> ignore
    arg [-plugin-opt=-pass-through=-lgcc_s] ==> ignore
    arg [-plugin-opt=-pass-through=-lc] ==> ignore
    arg [-plugin-opt=-pass-through=-lgcc] ==> ignore
    arg [-plugin-opt=-pass-through=-lgcc_s] ==> ignore
    arg [--sysroot=/usr/local/arm/bin/../aarch64-linux-gnu/libc] ==> ignore
    arg [--build-id] ==> ignore
    arg [--eh-frame-hdr] ==> ignore
    arg [-dynamic-linker] ==> ignore
    arg [/lib/ld-linux-aarch64.so.1] ==> ignore
    arg [-X] ==> ignore
    arg [-EL] ==> ignore
    arg [-maarch64linux] ==> ignore
    arg [--fix-cortex-a53-835769] ==> ignore
    arg [--fix-cortex-a53-843419] ==> ignore
    arg [-o] ==> ignore
    arg [cmTC_27e17] ==> ignore
    arg [/usr/local/arm/bin/../aarch64-linux-gnu/libc/usr/lib/crt1.o] ==> ignore
    arg [/usr/local/arm/bin/../aarch64-linux-gnu/libc/usr/lib/crti.o] ==> ignore
    arg [/usr/local/arm/bin/../lib/gcc/aarch64-linux-gnu/7.5.0/crtbegin.o] ==> ignore
    arg [-L/usr/local/arm/bin/../lib/gcc/aarch64-linux-gnu/7.5.0] ==> dir [/usr/local/arm/bin/../lib/gcc/aarch64-linux-gnu/7.5.0]
    arg [-L/usr/local/arm/bin/../lib/gcc/aarch64-linux-gnu] ==> dir [/usr/local/arm/bin/../lib/gcc/aarch64-linux-gnu]
    arg [-L/usr/local/arm/bin/../lib/gcc] ==> dir [/usr/local/arm/bin/../lib/gcc]
    arg [-L/usr/local/arm/bin/../lib/gcc/aarch64-linux-gnu/7.5.0/../../../../aarch64-linux-gnu/lib/../lib64] ==> dir [/usr/local/arm/bin/../lib/gcc/aarch64-linux-gnu/7.5.0/../../../../aarch64-linux-gnu/lib/../lib64]
    arg [-L/usr/local/arm/bin/../lib/gcc/aarch64-linux-gnu/7.5.0/../../../../aarch64-linux-gnu/lib] ==> dir [/usr/local/arm/bin/../lib/gcc/aarch64-linux-gnu/7.5.0/../../../../aarch64-linux-gnu/lib]
    arg [-L/usr/local/arm/bin/../aarch64-linux-gnu/libc/lib] ==> dir [/usr/local/arm/bin/../aarch64-linux-gnu/libc/lib]
    arg [-L/usr/local/arm/bin/../aarch64-linux-gnu/libc/usr/lib] ==> dir [/usr/local/arm/bin/../aarch64-linux-gnu/libc/usr/lib]
    arg [CMakeFiles/cmTC_27e17.dir/CMakeCCompilerABI.c.o] ==> ignore
    arg [-lgcc] ==> lib [gcc]
    arg [--as-needed] ==> ignore
    arg [-lgcc_s] ==> lib [gcc_s]
    arg [--no-as-needed] ==> ignore
    arg [-lc] ==> lib [c]
    arg [-lgcc] ==> lib [gcc]
    arg [--as-needed] ==> ignore
    arg [-lgcc_s] ==> lib [gcc_s]
    arg [--no-as-needed] ==> ignore
    arg [/usr/local/arm/bin/../lib/gcc/aarch64-linux-gnu/7.5.0/crtend.o] ==> ignore
    arg [/usr/local/arm/bin/../aarch64-linux-gnu/libc/usr/lib/crtn.o] ==> ignore
  collapse library dir [/usr/local/arm/bin/../lib/gcc/aarch64-linux-gnu/7.5.0] ==> [/usr/local/arm/lib/gcc/aarch64-linux-gnu/7.5.0]
  collapse library dir [/usr/local/arm/bin/../lib/gcc/aarch64-linux-gnu] ==> [/usr/local/arm/lib/gcc/aarch64-linux-gnu]
  collapse library dir [/usr/local/arm/bin/../lib/gcc] ==> [/usr/local/arm/lib/gcc]
  collapse library dir [/usr/local/arm/bin/../lib/gcc/aarch64-linux-gnu/7.5.0/../../../../aarch64-linux-gnu/lib/../lib64] ==> [/usr/local/arm/aarch64-linux-gnu/lib64]
  collapse library dir [/usr/local/arm/bin/../lib/gcc/aarch64-linux-gnu/7.5.0/../../../../aarch64-linux-gnu/lib] ==> [/usr/local/arm/aarch64-linux-gnu/lib]
  collapse library dir [/usr/local/arm/bin/../aarch64-linux-gnu/libc/lib] ==> [/usr/local/arm/aarch64-linux-gnu/libc/lib]
  collapse library dir [/usr/local/arm/bin/../aarch64-linux-gnu/libc/usr/lib] ==> [/usr/local/arm/aarch64-linux-gnu/libc/usr/lib]
  implicit libs: [gcc;gcc_s;c;gcc;gcc_s]
  implicit dirs: [/usr/local/arm/lib/gcc/aarch64-linux-gnu/7.5.0;/usr/local/arm/lib/gcc/aarch64-linux-gnu;/usr/local/arm/lib/gcc;/usr/local/arm/aarch64-linux-gnu/lib64;/usr/local/arm/aarch64-linux-gnu/lib;/usr/local/arm/aarch64-linux-gnu/libc/lib;/usr/local/arm/aarch64-linux-gnu/libc/usr/lib]
  implicit fwks: []




Detecting C [-std=c11] compiler features compiled with the following output:
Change Dir: /home/xiong/workspace/tensorflow-master/tensorflow/lite/project/compile/CMakeFiles/CMakeTmp

Run Build Command:"/usr/bin/make" "cmTC_7c987/fast"
/usr/bin/make -f CMakeFiles/cmTC_7c987.dir/build.make CMakeFiles/cmTC_7c987.dir/build
make[1]: Entering directory '/home/xiong/workspace/tensorflow-master/tensorflow/lite/project/compile/CMakeFiles/CMakeTmp'
Building C object CMakeFiles/cmTC_7c987.dir/feature_tests.c.o
/usr/local/arm/bin/aarch64-linux-gnu-gcc   -std=c11 -o CMakeFiles/cmTC_7c987.dir/feature_tests.c.o   -c /home/xiong/workspace/tensorflow-master/tensorflow/lite/project/compile/CMakeFiles/feature_tests.c
Linking C executable cmTC_7c987
/usr/bin/cmake -E cmake_link_script CMakeFiles/cmTC_7c987.dir/link.txt --verbose=1
/usr/local/arm/bin/aarch64-linux-gnu-gcc      CMakeFiles/cmTC_7c987.dir/feature_tests.c.o  -o cmTC_7c987 
make[1]: Leaving directory '/home/xiong/workspace/tensorflow-master/tensorflow/lite/project/compile/CMakeFiles/CMakeTmp'


    Feature record: C_FEATURE:1c_function_prototypes
    Feature record: C_FEATURE:1c_restrict
    Feature record: C_FEATURE:1c_static_assert
    Feature record: C_FEATURE:1c_variadic_macros


Detecting C [-std=c99] compiler features compiled with the following output:
Change Dir: /home/xiong/workspace/tensorflow-master/tensorflow/lite/project/compile/CMakeFiles/CMakeTmp

Run Build Command:"/usr/bin/make" "cmTC_d1f31/fast"
/usr/bin/make -f CMakeFiles/cmTC_d1f31.dir/build.make CMakeFiles/cmTC_d1f31.dir/build
make[1]: Entering directory '/home/xiong/workspace/tensorflow-master/tensorflow/lite/project/compile/CMakeFiles/CMakeTmp'
Building C object CMakeFiles/cmTC_d1f31.dir/feature_tests.c.o
/usr/local/arm/bin/aarch64-linux-gnu-gcc   -std=c99 -o CMakeFiles/cmTC_d1f31.dir/feature_tests.c.o   -c /home/xiong/workspace/tensorflow-master/tensorflow/lite/project/compile/CMakeFiles/feature_tests.c
Linking C executable cmTC_d1f31
/usr/bin/cmake -E cmake_link_script CMakeFiles/cmTC_d1f31.dir/link.txt --verbose=1
/usr/local/arm/bin/aarch64-linux-gnu-gcc      CMakeFiles/cmTC_d1f31.dir/feature_tests.c.o  -o cmTC_d1f31 
make[1]: Leaving directory '/home/xiong/workspace/tensorflow-master/tensorflow/lite/project/compile/CMakeFiles/CMakeTmp'


    Feature record: C_FEATURE:1c_function_prototypes
    Feature record: C_FEATURE:1c_restrict
    Feature record: C_FEATURE:0c_static_assert
    Feature record: C_FEATURE:1c_variadic_macros


Detecting C [-std=c90] compiler features compiled with the following output:
Change Dir: /home/xiong/workspace/tensorflow-master/tensorflow/lite/project/compile/CMakeFiles/CMakeTmp

Run Build Command:"/usr/bin/make" "cmTC_19623/fast"
/usr/bin/make -f CMakeFiles/cmTC_19623.dir/build.make CMakeFiles/cmTC_19623.dir/build
make[1]: Entering directory '/home/xiong/workspace/tensorflow-master/tensorflow/lite/project/compile/CMakeFiles/CMakeTmp'
Building C object CMakeFiles/cmTC_19623.dir/feature_tests.c.o
/usr/local/arm/bin/aarch64-linux-gnu-gcc   -std=c90 -o CMakeFiles/cmTC_19623.dir/feature_tests.c.o   -c /home/xiong/workspace/tensorflow-master/tensorflow/lite/project/compile/CMakeFiles/feature_tests.c
Linking C executable cmTC_19623
/usr/bin/cmake -E cmake_link_script CMakeFiles/cmTC_19623.dir/link.txt --verbose=1
/usr/local/arm/bin/aarch64-linux-gnu-gcc      CMakeFiles/cmTC_19623.dir/feature_tests.c.o  -o cmTC_19623 
make[1]: Leaving directory '/home/xiong/workspace/tensorflow-master/tensorflow/lite/project/compile/CMakeFiles/CMakeTmp'


    Feature record: C_FEATURE:1c_function_prototypes
    Feature record: C_FEATURE:0c_restrict
    Feature record: C_FEATURE:0c_static_assert
    Feature record: C_FEATURE:0c_variadic_macros
Determining if the CXX compiler works passed with the following output:
Change Dir: /home/xiong/workspace/tensorflow-master/tensorflow/lite/project/compile/CMakeFiles/CMakeTmp

Run Build Command:"/usr/bin/make" "cmTC_ebd8e/fast"
/usr/bin/make -f CMakeFiles/cmTC_ebd8e.dir/build.make CMakeFiles/cmTC_ebd8e.dir/build
make[1]: Entering directory '/home/xiong/workspace/tensorflow-master/tensorflow/lite/project/compile/CMakeFiles/CMakeTmp'
Building CXX object CMakeFiles/cmTC_ebd8e.dir/testCXXCompiler.cxx.o
/usr/local/arm/bin/aarch64-linux-gnu-g++     -o CMakeFiles/cmTC_ebd8e.dir/testCXXCompiler.cxx.o -c /home/xiong/workspace/tensorflow-master/tensorflow/lite/project/compile/CMakeFiles/CMakeTmp/testCXXCompiler.cxx
Linking CXX executable cmTC_ebd8e
/usr/bin/cmake -E cmake_link_script CMakeFiles/cmTC_ebd8e.dir/link.txt --verbose=1
/usr/local/arm/bin/aarch64-linux-gnu-g++       CMakeFiles/cmTC_ebd8e.dir/testCXXCompiler.cxx.o  -o cmTC_ebd8e 
make[1]: Leaving directory '/home/xiong/workspace/tensorflow-master/tensorflow/lite/project/compile/CMakeFiles/CMakeTmp'


Detecting CXX compiler ABI info compiled with the following output:
Change Dir: /home/xiong/workspace/tensorflow-master/tensorflow/lite/project/compile/CMakeFiles/CMakeTmp

Run Build Command:"/usr/bin/make" "cmTC_9a16a/fast"
/usr/bin/make -f CMakeFiles/cmTC_9a16a.dir/build.make CMakeFiles/cmTC_9a16a.dir/build
make[1]: Entering directory '/home/xiong/workspace/tensorflow-master/tensorflow/lite/project/compile/CMakeFiles/CMakeTmp'
Building CXX object CMakeFiles/cmTC_9a16a.dir/CMakeCXXCompilerABI.cpp.o
/usr/local/arm/bin/aarch64-linux-gnu-g++     -o CMakeFiles/cmTC_9a16a.dir/CMakeCXXCompilerABI.cpp.o -c /usr/share/cmake-3.10/Modules/CMakeCXXCompilerABI.cpp
Linking CXX executable cmTC_9a16a
/usr/bin/cmake -E cmake_link_script CMakeFiles/cmTC_9a16a.dir/link.txt --verbose=1
/usr/local/arm/bin/aarch64-linux-gnu-g++      -v CMakeFiles/cmTC_9a16a.dir/CMakeCXXCompilerABI.cpp.o  -o cmTC_9a16a 
Using built-in specs.
COLLECT_GCC=/usr/local/arm/bin/aarch64-linux-gnu-g++
COLLECT_LTO_WRAPPER=/usr/local/arm/bin/../libexec/gcc/aarch64-linux-gnu/7.5.0/lto-wrapper
Target: aarch64-linux-gnu
Configured with: '/home/tcwg-buildslave/workspace/tcwg-make-release_0/snapshots/gcc.git~linaro-7.5-2019.12/configure' SHELL=/bin/bash --with-mpc=/home/tcwg-buildslave/workspace/tcwg-make-release_0/_build/builds/destdir/x86_64-unknown-linux-gnu --with-mpfr=/home/tcwg-buildslave/workspace/tcwg-make-release_0/_build/builds/destdir/x86_64-unknown-linux-gnu --with-gmp=/home/tcwg-buildslave/workspace/tcwg-make-release_0/_build/builds/destdir/x86_64-unknown-linux-gnu --with-gnu-as --with-gnu-ld --disable-libmudflap --enable-lto --enable-shared --without-included-gettext --enable-nls --with-system-zlib --disable-sjlj-exceptions --enable-gnu-unique-object --enable-linker-build-id --disable-libstdcxx-pch --enable-c99 --enable-clocale=gnu --enable-libstdcxx-debug --enable-long-long --with-cloog=no --with-ppl=no --with-isl=no --disable-multilib --enable-fix-cortex-a53-835769 --enable-fix-cortex-a53-843419 --with-arch=armv8-a --enable-threads=posix --enable-multiarch --enable-libstdcxx-time=yes --enable-gnu-indirect-function --with-build-sysroot=/home/tcwg-buildslave/workspace/tcwg-make-release_0/_build/sysroots/aarch64-linux-gnu --with-sysroot=/home/tcwg-buildslave/workspace/tcwg-make-release_0/_build/builds/destdir/x86_64-unknown-linux-gnu/aarch64-linux-gnu/libc --enable-checking=release --disable-bootstrap --enable-languages=c,c++,fortran,lto --build=x86_64-unknown-linux-gnu --host=x86_64-unknown-linux-gnu --target=aarch64-linux-gnu --prefix=/home/tcwg-buildslave/workspace/tcwg-make-release_0/_build/builds/destdir/x86_64-unknown-linux-gnu
Thread model: posix
gcc version 7.5.0 (Linaro GCC 7.5-2019.12) 
COMPILER_PATH=/usr/local/arm/bin/../libexec/gcc/aarch64-linux-gnu/7.5.0/:/usr/local/arm/bin/../libexec/gcc/aarch64-linux-gnu/:/usr/local/arm/bin/../libexec/gcc/:/usr/local/arm/bin/../lib/gcc/aarch64-linux-gnu/7.5.0/../../../../aarch64-linux-gnu/bin/
LIBRARY_PATH=/usr/local/arm/bin/../lib/gcc/aarch64-linux-gnu/7.5.0/:/usr/local/arm/bin/../lib/gcc/aarch64-linux-gnu/:/usr/local/arm/bin/../lib/gcc/:/usr/local/arm/bin/../lib/gcc/aarch64-linux-gnu/7.5.0/../../../../aarch64-linux-gnu/lib/../lib64/:/usr/local/arm/bin/../lib/gcc/aarch64-linux-gnu/7.5.0/../../../../aarch64-linux-gnu/lib/:/usr/local/arm/bin/../aarch64-linux-gnu/libc/lib/:/usr/local/arm/bin/../aarch64-linux-gnu/libc/usr/lib/
COLLECT_GCC_OPTIONS='-v' '-o' 'cmTC_9a16a' '-shared-libgcc' '-march=armv8-a' '-mlittle-endian' '-mabi=lp64'
 /usr/local/arm/bin/../libexec/gcc/aarch64-linux-gnu/7.5.0/collect2 -plugin /usr/local/arm/bin/../libexec/gcc/aarch64-linux-gnu/7.5.0/liblto_plugin.so -plugin-opt=/usr/local/arm/bin/../libexec/gcc/aarch64-linux-gnu/7.5.0/lto-wrapper -plugin-opt=-fresolution=/tmp/ccwyHVwO.res -plugin-opt=-pass-through=-lgcc_s -plugin-opt=-pass-through=-lgcc -plugin-opt=-pass-through=-lc -plugin-opt=-pass-through=-lgcc_s -plugin-opt=-pass-through=-lgcc --sysroot=/usr/local/arm/bin/../aarch64-linux-gnu/libc --build-id --eh-frame-hdr -dynamic-linker /lib/ld-linux-aarch64.so.1 -X -EL -maarch64linux --fix-cortex-a53-835769 --fix-cortex-a53-843419 -o cmTC_9a16a /usr/local/arm/bin/../aarch64-linux-gnu/libc/usr/lib/crt1.o /usr/local/arm/bin/../aarch64-linux-gnu/libc/usr/lib/crti.o /usr/local/arm/bin/../lib/gcc/aarch64-linux-gnu/7.5.0/crtbegin.o -L/usr/local/arm/bin/../lib/gcc/aarch64-linux-gnu/7.5.0 -L/usr/local/arm/bin/../lib/gcc/aarch64-linux-gnu -L/usr/local/arm/bin/../lib/gcc -L/usr/local/arm/bin/../lib/gcc/aarch64-linux-gnu/7.5.0/../../../../aarch64-linux-gnu/lib/../lib64 -L/usr/local/arm/bin/../lib/gcc/aarch64-linux-gnu/7.5.0/../../../../aarch64-linux-gnu/lib -L/usr/local/arm/bin/../aarch64-linux-gnu/libc/lib -L/usr/local/arm/bin/../aarch64-linux-gnu/libc/usr/lib CMakeFiles/cmTC_9a16a.dir/CMakeCXXCompilerABI.cpp.o -lstdc++ -lm -lgcc_s -lgcc -lc -lgcc_s -lgcc /usr/local/arm/bin/../lib/gcc/aarch64-linux-gnu/7.5.0/crtend.o /usr/local/arm/bin/../aarch64-linux-gnu/libc/usr/lib/crtn.o
COLLECT_GCC_OPTIONS='-v' '-o' 'cmTC_9a16a' '-shared-libgcc' '-march=armv8-a' '-mlittle-endian' '-mabi=lp64'
make[1]: Leaving directory '/home/xiong/workspace/tensorflow-master/tensorflow/lite/project/compile/CMakeFiles/CMakeTmp'


Parsed CXX implicit link information from above output:
  link line regex: [^( *|.*[/\])(ld|CMAKE_LINK_STARTFILE-NOTFOUND|([^/\]+-)?ld|collect2)[^/\]*( |$)]
  ignore line: [Change Dir: /home/xiong/workspace/tensorflow-master/tensorflow/lite/project/compile/CMakeFiles/CMakeTmp]
  ignore line: []
  ignore line: [Run Build Command:"/usr/bin/make" "cmTC_9a16a/fast"]
  ignore line: [/usr/bin/make -f CMakeFiles/cmTC_9a16a.dir/build.make CMakeFiles/cmTC_9a16a.dir/build]
  ignore line: [make[1]: Entering directory '/home/xiong/workspace/tensorflow-master/tensorflow/lite/project/compile/CMakeFiles/CMakeTmp']
  ignore line: [Building CXX object CMakeFiles/cmTC_9a16a.dir/CMakeCXXCompilerABI.cpp.o]
  ignore line: [/usr/local/arm/bin/aarch64-linux-gnu-g++     -o CMakeFiles/cmTC_9a16a.dir/CMakeCXXCompilerABI.cpp.o -c /usr/share/cmake-3.10/Modules/CMakeCXXCompilerABI.cpp]
  ignore line: [Linking CXX executable cmTC_9a16a]
  ignore line: [/usr/bin/cmake -E cmake_link_script CMakeFiles/cmTC_9a16a.dir/link.txt --verbose=1]
  ignore line: [/usr/local/arm/bin/aarch64-linux-gnu-g++      -v CMakeFiles/cmTC_9a16a.dir/CMakeCXXCompilerABI.cpp.o  -o cmTC_9a16a ]
  ignore line: [Using built-in specs.]
  ignore line: [COLLECT_GCC=/usr/local/arm/bin/aarch64-linux-gnu-g++]
  ignore line: [COLLECT_LTO_WRAPPER=/usr/local/arm/bin/../libexec/gcc/aarch64-linux-gnu/7.5.0/lto-wrapper]
  ignore line: [Target: aarch64-linux-gnu]
  ignore line: [Configured with: '/home/tcwg-buildslave/workspace/tcwg-make-release_0/snapshots/gcc.git~linaro-7.5-2019.12/configure' SHELL=/bin/bash --with-mpc=/home/tcwg-buildslave/workspace/tcwg-make-release_0/_build/builds/destdir/x86_64-unknown-linux-gnu --with-mpfr=/home/tcwg-buildslave/workspace/tcwg-make-release_0/_build/builds/destdir/x86_64-unknown-linux-gnu --with-gmp=/home/tcwg-buildslave/workspace/tcwg-make-release_0/_build/builds/destdir/x86_64-unknown-linux-gnu --with-gnu-as --with-gnu-ld --disable-libmudflap --enable-lto --enable-shared --without-included-gettext --enable-nls --with-system-zlib --disable-sjlj-exceptions --enable-gnu-unique-object --enable-linker-build-id --disable-libstdcxx-pch --enable-c99 --enable-clocale=gnu --enable-libstdcxx-debug --enable-long-long --with-cloog=no --with-ppl=no --with-isl=no --disable-multilib --enable-fix-cortex-a53-835769 --enable-fix-cortex-a53-843419 --with-arch=armv8-a --enable-threads=posix --enable-multiarch --enable-libstdcxx-time=yes --enable-gnu-indirect-function --with-build-sysroot=/home/tcwg-buildslave/workspace/tcwg-make-release_0/_build/sysroots/aarch64-linux-gnu --with-sysroot=/home/tcwg-buildslave/workspace/tcwg-make-release_0/_build/builds/destdir/x86_64-unknown-linux-gnu/aarch64-linux-gnu/libc --enable-checking=release --disable-bootstrap --enable-languages=c,c++,fortran,lto --build=x86_64-unknown-linux-gnu --host=x86_64-unknown-linux-gnu --target=aarch64-linux-gnu --prefix=/home/tcwg-buildslave/workspace/tcwg-make-release_0/_build/builds/destdir/x86_64-unknown-linux-gnu]
  ignore line: [Thread model: posix]
  ignore line: [gcc version 7.5.0 (Linaro GCC 7.5-2019.12) ]
  ignore line: [COMPILER_PATH=/usr/local/arm/bin/../libexec/gcc/aarch64-linux-gnu/7.5.0/:/usr/local/arm/bin/../libexec/gcc/aarch64-linux-gnu/:/usr/local/arm/bin/../libexec/gcc/:/usr/local/arm/bin/../lib/gcc/aarch64-linux-gnu/7.5.0/../../../../aarch64-linux-gnu/bin/]
  ignore line: [LIBRARY_PATH=/usr/local/arm/bin/../lib/gcc/aarch64-linux-gnu/7.5.0/:/usr/local/arm/bin/../lib/gcc/aarch64-linux-gnu/:/usr/local/arm/bin/../lib/gcc/:/usr/local/arm/bin/../lib/gcc/aarch64-linux-gnu/7.5.0/../../../../aarch64-linux-gnu/lib/../lib64/:/usr/local/arm/bin/../lib/gcc/aarch64-linux-gnu/7.5.0/../../../../aarch64-linux-gnu/lib/:/usr/local/arm/bin/../aarch64-linux-gnu/libc/lib/:/usr/local/arm/bin/../aarch64-linux-gnu/libc/usr/lib/]
  ignore line: [COLLECT_GCC_OPTIONS='-v' '-o' 'cmTC_9a16a' '-shared-libgcc' '-march=armv8-a' '-mlittle-endian' '-mabi=lp64']
  link line: [ /usr/local/arm/bin/../libexec/gcc/aarch64-linux-gnu/7.5.0/collect2 -plugin /usr/local/arm/bin/../libexec/gcc/aarch64-linux-gnu/7.5.0/liblto_plugin.so -plugin-opt=/usr/local/arm/bin/../libexec/gcc/aarch64-linux-gnu/7.5.0/lto-wrapper -plugin-opt=-fresolution=/tmp/ccwyHVwO.res -plugin-opt=-pass-through=-lgcc_s -plugin-opt=-pass-through=-lgcc -plugin-opt=-pass-through=-lc -plugin-opt=-pass-through=-lgcc_s -plugin-opt=-pass-through=-lgcc --sysroot=/usr/local/arm/bin/../aarch64-linux-gnu/libc --build-id --eh-frame-hdr -dynamic-linker /lib/ld-linux-aarch64.so.1 -X -EL -maarch64linux --fix-cortex-a53-835769 --fix-cortex-a53-843419 -o cmTC_9a16a /usr/local/arm/bin/../aarch64-linux-gnu/libc/usr/lib/crt1.o /usr/local/arm/bin/../aarch64-linux-gnu/libc/usr/lib/crti.o /usr/local/arm/bin/../lib/gcc/aarch64-linux-gnu/7.5.0/crtbegin.o -L/usr/local/arm/bin/../lib/gcc/aarch64-linux-gnu/7.5.0 -L/usr/local/arm/bin/../lib/gcc/aarch64-linux-gnu -L/usr/local/arm/bin/../lib/gcc -L/usr/local/arm/bin/../lib/gcc/aarch64-linux-gnu/7.5.0/../../../../aarch64-linux-gnu/lib/../lib64 -L/usr/local/arm/bin/../lib/gcc/aarch64-linux-gnu/7.5.0/../../../../aarch64-linux-gnu/lib -L/usr/local/arm/bin/../aarch64-linux-gnu/libc/lib -L/usr/local/arm/bin/../aarch64-linux-gnu/libc/usr/lib CMakeFiles/cmTC_9a16a.dir/CMakeCXXCompilerABI.cpp.o -lstdc++ -lm -lgcc_s -lgcc -lc -lgcc_s -lgcc /usr/local/arm/bin/../lib/gcc/aarch64-linux-gnu/7.5.0/crtend.o /usr/local/arm/bin/../aarch64-linux-gnu/libc/usr/lib/crtn.o]
    arg [/usr/local/arm/bin/../libexec/gcc/aarch64-linux-gnu/7.5.0/collect2] ==> ignore
    arg [-plugin] ==> ignore
    arg [/usr/local/arm/bin/../libexec/gcc/aarch64-linux-gnu/7.5.0/liblto_plugin.so] ==> ignore
    arg [-plugin-opt=/usr/local/arm/bin/../libexec/gcc/aarch64-linux-gnu/7.5.0/lto-wrapper] ==> ignore
    arg [-plugin-opt=-fresolution=/tmp/ccwyHVwO.res] ==> ignore
    arg [-plugin-opt=-pass-through=-lgcc_s] ==> ignore
    arg [-plugin-opt=-pass-through=-lgcc] ==> ignore
    arg [-plugin-opt=-pass-through=-lc] ==> ignore
    arg [-plugin-opt=-pass-through=-lgcc_s] ==> ignore
    arg [-plugin-opt=-pass-through=-lgcc] ==> ignore
    arg [--sysroot=/usr/local/arm/bin/../aarch64-linux-gnu/libc] ==> ignore
    arg [--build-id] ==> ignore
    arg [--eh-frame-hdr] ==> ignore
    arg [-dynamic-linker] ==> ignore
    arg [/lib/ld-linux-aarch64.so.1] ==> ignore
    arg [-X] ==> ignore
    arg [-EL] ==> ignore
    arg [-maarch64linux] ==> ignore
    arg [--fix-cortex-a53-835769] ==> ignore
    arg [--fix-cortex-a53-843419] ==> ignore
    arg [-o] ==> ignore
    arg [cmTC_9a16a] ==> ignore
    arg [/usr/local/arm/bin/../aarch64-linux-gnu/libc/usr/lib/crt1.o] ==> ignore
    arg [/usr/local/arm/bin/../aarch64-linux-gnu/libc/usr/lib/crti.o] ==> ignore
    arg [/usr/local/arm/bin/../lib/gcc/aarch64-linux-gnu/7.5.0/crtbegin.o] ==> ignore
    arg [-L/usr/local/arm/bin/../lib/gcc/aarch64-linux-gnu/7.5.0] ==> dir [/usr/local/arm/bin/../lib/gcc/aarch64-linux-gnu/7.5.0]
    arg [-L/usr/local/arm/bin/../lib/gcc/aarch64-linux-gnu] ==> dir [/usr/local/arm/bin/../lib/gcc/aarch64-linux-gnu]
    arg [-L/usr/local/arm/bin/../lib/gcc] ==> dir [/usr/local/arm/bin/../lib/gcc]
    arg [-L/usr/local/arm/bin/../lib/gcc/aarch64-linux-gnu/7.5.0/../../../../aarch64-linux-gnu/lib/../lib64] ==> dir [/usr/local/arm/bin/../lib/gcc/aarch64-linux-gnu/7.5.0/../../../../aarch64-linux-gnu/lib/../lib64]
    arg [-L/usr/local/arm/bin/../lib/gcc/aarch64-linux-gnu/7.5.0/../../../../aarch64-linux-gnu/lib] ==> dir [/usr/local/arm/bin/../lib/gcc/aarch64-linux-gnu/7.5.0/../../../../aarch64-linux-gnu/lib]
    arg [-L/usr/local/arm/bin/../aarch64-linux-gnu/libc/lib] ==> dir [/usr/local/arm/bin/../aarch64-linux-gnu/libc/lib]
    arg [-L/usr/local/arm/bin/../aarch64-linux-gnu/libc/usr/lib] ==> dir [/usr/local/arm/bin/../aarch64-linux-gnu/libc/usr/lib]
    arg [CMakeFiles/cmTC_9a16a.dir/CMakeCXXCompilerABI.cpp.o] ==> ignore
    arg [-lstdc++] ==> lib [stdc++]
    arg [-lm] ==> lib [m]
    arg [-lgcc_s] ==> lib [gcc_s]
    arg [-lgcc] ==> lib [gcc]
    arg [-lc] ==> lib [c]
    arg [-lgcc_s] ==> lib [gcc_s]
    arg [-lgcc] ==> lib [gcc]
    arg [/usr/local/arm/bin/../lib/gcc/aarch64-linux-gnu/7.5.0/crtend.o] ==> ignore
    arg [/usr/local/arm/bin/../aarch64-linux-gnu/libc/usr/lib/crtn.o] ==> ignore
  collapse library dir [/usr/local/arm/bin/../lib/gcc/aarch64-linux-gnu/7.5.0] ==> [/usr/local/arm/lib/gcc/aarch64-linux-gnu/7.5.0]
  collapse library dir [/usr/local/arm/bin/../lib/gcc/aarch64-linux-gnu] ==> [/usr/local/arm/lib/gcc/aarch64-linux-gnu]
  collapse library dir [/usr/local/arm/bin/../lib/gcc] ==> [/usr/local/arm/lib/gcc]
  collapse library dir [/usr/local/arm/bin/../lib/gcc/aarch64-linux-gnu/7.5.0/../../../../aarch64-linux-gnu/lib/../lib64] ==> [/usr/local/arm/aarch64-linux-gnu/lib64]
  collapse library dir [/usr/local/arm/bin/../lib/gcc/aarch64-linux-gnu/7.5.0/../../../../aarch64-linux-gnu/lib] ==> [/usr/local/arm/aarch64-linux-gnu/lib]
  collapse library dir [/usr/local/arm/bin/../aarch64-linux-gnu/libc/lib] ==> [/usr/local/arm/aarch64-linux-gnu/libc/lib]
  collapse library dir [/usr/local/arm/bin/../aarch64-linux-gnu/libc/usr/lib] ==> [/usr/local/arm/aarch64-linux-gnu/libc/usr/lib]
  implicit libs: [stdc++;m;gcc_s;gcc;c;gcc_s;gcc]
  implicit dirs: [/usr/local/arm/lib/gcc/aarch64-linux-gnu/7.5.0;/usr/local/arm/lib/gcc/aarch64-linux-gnu;/usr/local/arm/lib/gcc;/usr/local/arm/aarch64-linux-gnu/lib64;/usr/local/arm/aarch64-linux-gnu/lib;/usr/local/arm/aarch64-linux-gnu/libc/lib;/usr/local/arm/aarch64-linux-gnu/libc/usr/lib]
  implicit fwks: []




Detecting CXX [-std=c++1z] compiler features compiled with the following output:
Change Dir: /home/xiong/workspace/tensorflow-master/tensorflow/lite/project/compile/CMakeFiles/CMakeTmp

Run Build Command:"/usr/bin/make" "cmTC_709df/fast"
/usr/bin/make -f CMakeFiles/cmTC_709df.dir/build.make CMakeFiles/cmTC_709df.dir/build
make[1]: Entering directory '/home/xiong/workspace/tensorflow-master/tensorflow/lite/project/compile/CMakeFiles/CMakeTmp'
Building CXX object CMakeFiles/cmTC_709df.dir/feature_tests.cxx.o
/usr/local/arm/bin/aarch64-linux-gnu-g++    -std=c++1z -o CMakeFiles/cmTC_709df.dir/feature_tests.cxx.o -c /home/xiong/workspace/tensorflow-master/tensorflow/lite/project/compile/CMakeFiles/feature_tests.cxx
Linking CXX executable cmTC_709df
/usr/bin/cmake -E cmake_link_script CMakeFiles/cmTC_709df.dir/link.txt --verbose=1
/usr/local/arm/bin/aarch64-linux-gnu-g++       CMakeFiles/cmTC_709df.dir/feature_tests.cxx.o  -o cmTC_709df 
make[1]: Leaving directory '/home/xiong/workspace/tensorflow-master/tensorflow/lite/project/compile/CMakeFiles/CMakeTmp'


    Feature record: CXX_FEATURE:1cxx_aggregate_default_initializers
    Feature record: CXX_FEATURE:1cxx_alias_templates
    Feature record: CXX_FEATURE:1cxx_alignas
    Feature record: CXX_FEATURE:1cxx_alignof
    Feature record: CXX_FEATURE:1cxx_attributes
    Feature record: CXX_FEATURE:1cxx_attribute_deprecated
    Feature record: CXX_FEATURE:1cxx_auto_type
    Feature record: CXX_FEATURE:1cxx_binary_literals
    Feature record: CXX_FEATURE:1cxx_constexpr
    Feature record: CXX_FEATURE:1cxx_contextual_conversions
    Feature record: CXX_FEATURE:1cxx_decltype
    Feature record: CXX_FEATURE:1cxx_decltype_auto
    Feature record: CXX_FEATURE:1cxx_decltype_incomplete_return_types
    Feature record: CXX_FEATURE:1cxx_default_function_template_args
    Feature record: CXX_FEATURE:1cxx_defaulted_functions
    Feature record: CXX_FEATURE:1cxx_defaulted_move_initializers
    Feature record: CXX_FEATURE:1cxx_delegating_constructors
    Feature record: CXX_FEATURE:1cxx_deleted_functions
    Feature record: CXX_FEATURE:1cxx_digit_separators
    Feature record: CXX_FEATURE:1cxx_enum_forward_declarations
    Feature record: CXX_FEATURE:1cxx_explicit_conversions
    Feature record: CXX_FEATURE:1cxx_extended_friend_declarations
    Feature record: CXX_FEATURE:1cxx_extern_templates
    Feature record: CXX_FEATURE:1cxx_final
    Feature record: CXX_FEATURE:1cxx_func_identifier
    Feature record: CXX_FEATURE:1cxx_generalized_initializers
    Feature record: CXX_FEATURE:1cxx_generic_lambdas
    Feature record: CXX_FEATURE:1cxx_inheriting_constructors
    Feature record: CXX_FEATURE:1cxx_inline_namespaces
    Feature record: CXX_FEATURE:1cxx_lambdas
    Feature record: CXX_FEATURE:1cxx_lambda_init_captures
    Feature record: CXX_FEATURE:1cxx_local_type_template_args
    Feature record: CXX_FEATURE:1cxx_long_long_type
    Feature record: CXX_FEATURE:1cxx_noexcept
    Feature record: CXX_FEATURE:1cxx_nonstatic_member_init
    Feature record: CXX_FEATURE:1cxx_nullptr
    Feature record: CXX_FEATURE:1cxx_override
    Feature record: CXX_FEATURE:1cxx_range_for
    Feature record: CXX_FEATURE:1cxx_raw_string_literals
    Feature record: CXX_FEATURE:1cxx_reference_qualified_functions
    Feature record: CXX_FEATURE:1cxx_relaxed_constexpr
    Feature record: CXX_FEATURE:1cxx_return_type_deduction
    Feature record: CXX_FEATURE:1cxx_right_angle_brackets
    Feature record: CXX_FEATURE:1cxx_rvalue_references
    Feature record: CXX_FEATURE:1cxx_sizeof_member
    Feature record: CXX_FEATURE:1cxx_static_assert
    Feature record: CXX_FEATURE:1cxx_strong_enums
    Feature record: CXX_FEATURE:1cxx_template_template_parameters
    Feature record: CXX_FEATURE:1cxx_thread_local
    Feature record: CXX_FEATURE:1cxx_trailing_return_types
    Feature record: CXX_FEATURE:1cxx_unicode_literals
    Feature record: CXX_FEATURE:1cxx_uniform_initialization
    Feature record: CXX_FEATURE:1cxx_unrestricted_unions
    Feature record: CXX_FEATURE:1cxx_user_literals
    Feature record: CXX_FEATURE:1cxx_variable_templates
    Feature record: CXX_FEATURE:1cxx_variadic_macros
    Feature record: CXX_FEATURE:1cxx_variadic_templates


Detecting CXX [-std=c++14] compiler features compiled with the following output:
Change Dir: /home/xiong/workspace/tensorflow-master/tensorflow/lite/project/compile/CMakeFiles/CMakeTmp

Run Build Command:"/usr/bin/make" "cmTC_ad95a/fast"
/usr/bin/make -f CMakeFiles/cmTC_ad95a.dir/build.make CMakeFiles/cmTC_ad95a.dir/build
make[1]: Entering directory '/home/xiong/workspace/tensorflow-master/tensorflow/lite/project/compile/CMakeFiles/CMakeTmp'
Building CXX object CMakeFiles/cmTC_ad95a.dir/feature_tests.cxx.o
/usr/local/arm/bin/aarch64-linux-gnu-g++    -std=c++14 -o CMakeFiles/cmTC_ad95a.dir/feature_tests.cxx.o -c /home/xiong/workspace/tensorflow-master/tensorflow/lite/project/compile/CMakeFiles/feature_tests.cxx
Linking CXX executable cmTC_ad95a
/usr/bin/cmake -E cmake_link_script CMakeFiles/cmTC_ad95a.dir/link.txt --verbose=1
/usr/local/arm/bin/aarch64-linux-gnu-g++       CMakeFiles/cmTC_ad95a.dir/feature_tests.cxx.o  -o cmTC_ad95a 
make[1]: Leaving directory '/home/xiong/workspace/tensorflow-master/tensorflow/lite/project/compile/CMakeFiles/CMakeTmp'


    Feature record: CXX_FEATURE:1cxx_aggregate_default_initializers
    Feature record: CXX_FEATURE:1cxx_alias_templates
    Feature record: CXX_FEATURE:1cxx_alignas
    Feature record: CXX_FEATURE:1cxx_alignof
    Feature record: CXX_FEATURE:1cxx_attributes
    Feature record: CXX_FEATURE:1cxx_attribute_deprecated
    Feature record: CXX_FEATURE:1cxx_auto_type
    Feature record: CXX_FEATURE:1cxx_binary_literals
    Feature record: CXX_FEATURE:1cxx_constexpr
    Feature record: CXX_FEATURE:1cxx_contextual_conversions
    Feature record: CXX_FEATURE:1cxx_decltype
    Feature record: CXX_FEATURE:1cxx_decltype_auto
    Feature record: CXX_FEATURE:1cxx_decltype_incomplete_return_types
    Feature record: CXX_FEATURE:1cxx_default_function_template_args
    Feature record: CXX_FEATURE:1cxx_defaulted_functions
    Feature record: CXX_FEATURE:1cxx_defaulted_move_initializers
    Feature record: CXX_FEATURE:1cxx_delegating_constructors
    Feature record: CXX_FEATURE:1cxx_deleted_functions
    Feature record: CXX_FEATURE:1cxx_digit_separators
    Feature record: CXX_FEATURE:1cxx_enum_forward_declarations
    Feature record: CXX_FEATURE:1cxx_explicit_conversions
    Feature record: CXX_FEATURE:1cxx_extended_friend_declarations
    Feature record: CXX_FEATURE:1cxx_extern_templates
    Feature record: CXX_FEATURE:1cxx_final
    Feature record: CXX_FEATURE:1cxx_func_identifier
    Feature record: CXX_FEATURE:1cxx_generalized_initializers
    Feature record: CXX_FEATURE:1cxx_generic_lambdas
    Feature record: CXX_FEATURE:1cxx_inheriting_constructors
    Feature record: CXX_FEATURE:1cxx_inline_namespaces
    Feature record: CXX_FEATURE:1cxx_lambdas
    Feature record: CXX_FEATURE:1cxx_lambda_init_captures
    Feature record: CXX_FEATURE:1cxx_local_type_template_args
    Feature record: CXX_FEATURE:1cxx_long_long_type
    Feature record: CXX_FEATURE:1cxx_noexcept
    Feature record: CXX_FEATURE:1cxx_nonstatic_member_init
    Feature record: CXX_FEATURE:1cxx_nullptr
    Feature record: CXX_FEATURE:1cxx_override
    Feature record: CXX_FEATURE:1cxx_range_for
    Feature record: CXX_FEATURE:1cxx_raw_string_literals
    Feature record: CXX_FEATURE:1cxx_reference_qualified_functions
    Feature record: CXX_FEATURE:1cxx_relaxed_constexpr
    Feature record: CXX_FEATURE:1cxx_return_type_deduction
    Feature record: CXX_FEATURE:1cxx_right_angle_brackets
    Feature record: CXX_FEATURE:1cxx_rvalue_references
    Feature record: CXX_FEATURE:1cxx_sizeof_member
    Feature record: CXX_FEATURE:1cxx_static_assert
    Feature record: CXX_FEATURE:1cxx_strong_enums
    Feature record: CXX_FEATURE:1cxx_template_template_parameters
    Feature record: CXX_FEATURE:1cxx_thread_local
    Feature record: CXX_FEATURE:1cxx_trailing_return_types
    Feature record: CXX_FEATURE:1cxx_unicode_literals
    Feature record: CXX_FEATURE:1cxx_uniform_initialization
    Feature record: CXX_FEATURE:1cxx_unrestricted_unions
    Feature record: CXX_FEATURE:1cxx_user_literals
    Feature record: CXX_FEATURE:1cxx_variable_templates
    Feature record: CXX_FEATURE:1cxx_variadic_macros
    Feature record: CXX_FEATURE:1cxx_variadic_templates


Detecting CXX [-std=c++11] compiler features compiled with the following output:
Change Dir: /home/xiong/workspace/tensorflow-master/tensorflow/lite/project/compile/CMakeFiles/CMakeTmp

Run Build Command:"/usr/bin/make" "cmTC_49c0d/fast"
/usr/bin/make -f CMakeFiles/cmTC_49c0d.dir/build.make CMakeFiles/cmTC_49c0d.dir/build
make[1]: Entering directory '/home/xiong/workspace/tensorflow-master/tensorflow/lite/project/compile/CMakeFiles/CMakeTmp'
Building CXX object CMakeFiles/cmTC_49c0d.dir/feature_tests.cxx.o
/usr/local/arm/bin/aarch64-linux-gnu-g++    -std=c++11 -o CMakeFiles/cmTC_49c0d.dir/feature_tests.cxx.o -c /home/xiong/workspace/tensorflow-master/tensorflow/lite/project/compile/CMakeFiles/feature_tests.cxx
Linking CXX executable cmTC_49c0d
/usr/bin/cmake -E cmake_link_script CMakeFiles/cmTC_49c0d.dir/link.txt --verbose=1
/usr/local/arm/bin/aarch64-linux-gnu-g++       CMakeFiles/cmTC_49c0d.dir/feature_tests.cxx.o  -o cmTC_49c0d 
make[1]: Leaving directory '/home/xiong/workspace/tensorflow-master/tensorflow/lite/project/compile/CMakeFiles/CMakeTmp'


    Feature record: CXX_FEATURE:0cxx_aggregate_default_initializers
    Feature record: CXX_FEATURE:1cxx_alias_templates
    Feature record: CXX_FEATURE:1cxx_alignas
    Feature record: CXX_FEATURE:1cxx_alignof
    Feature record: CXX_FEATURE:1cxx_attributes
    Feature record: CXX_FEATURE:0cxx_attribute_deprecated
    Feature record: CXX_FEATURE:1cxx_auto_type
    Feature record: CXX_FEATURE:0cxx_binary_literals
    Feature record: CXX_FEATURE:1cxx_constexpr
    Feature record: CXX_FEATURE:0cxx_contextual_conversions
    Feature record: CXX_FEATURE:1cxx_decltype
    Feature record: CXX_FEATURE:0cxx_decltype_auto
    Feature record: CXX_FEATURE:1cxx_decltype_incomplete_return_types
    Feature record: CXX_FEATURE:1cxx_default_function_template_args
    Feature record: CXX_FEATURE:1cxx_defaulted_functions
    Feature record: CXX_FEATURE:1cxx_defaulted_move_initializers
    Feature record: CXX_FEATURE:1cxx_delegating_constructors
    Feature record: CXX_FEATURE:1cxx_deleted_functions
    Feature record: CXX_FEATURE:0cxx_digit_separators
    Feature record: CXX_FEATURE:1cxx_enum_forward_declarations
    Feature record: CXX_FEATURE:1cxx_explicit_conversions
    Feature record: CXX_FEATURE:1cxx_extended_friend_declarations
    Feature record: CXX_FEATURE:1cxx_extern_templates
    Feature record: CXX_FEATURE:1cxx_final
    Feature record: CXX_FEATURE:1cxx_func_identifier
    Feature record: CXX_FEATURE:1cxx_generalized_initializers
    Feature record: CXX_FEATURE:0cxx_generic_lambdas
    Feature record: CXX_FEATURE:1cxx_inheriting_constructors
    Feature record: CXX_FEATURE:1cxx_inline_namespaces
    Feature record: CXX_FEATURE:1cxx_lambdas
    Feature record: CXX_FEATURE:0cxx_lambda_init_captures
    Feature record: CXX_FEATURE:1cxx_local_type_template_args
    Feature record: CXX_FEATURE:1cxx_long_long_type
    Feature record: CXX_FEATURE:1cxx_noexcept
    Feature record: CXX_FEATURE:1cxx_nonstatic_member_init
    Feature record: CXX_FEATURE:1cxx_nullptr
    Feature record: CXX_FEATURE:1cxx_override
    Feature record: CXX_FEATURE:1cxx_range_for
    Feature record: CXX_FEATURE:1cxx_raw_string_literals
    Feature record: CXX_FEATURE:1cxx_reference_qualified_functions
    Feature record: CXX_FEATURE:0cxx_relaxed_constexpr
    Feature record: CXX_FEATURE:0cxx_return_type_deduction
    Feature record: CXX_FEATURE:1cxx_right_angle_brackets
    Feature record: CXX_FEATURE:1cxx_rvalue_references
    Feature record: CXX_FEATURE:1cxx_sizeof_member
    Feature record: CXX_FEATURE:1cxx_static_assert
    Feature record: CXX_FEATURE:1cxx_strong_enums
    Feature record: CXX_FEATURE:1cxx_template_template_parameters
    Feature record: CXX_FEATURE:1cxx_thread_local
    Feature record: CXX_FEATURE:1cxx_trailing_return_types
    Feature record: CXX_FEATURE:1cxx_unicode_literals
    Feature record: CXX_FEATURE:1cxx_uniform_initialization
    Feature record: CXX_FEATURE:1cxx_unrestricted_unions
    Feature record: CXX_FEATURE:1cxx_user_literals
    Feature record: CXX_FEATURE:0cxx_variable_templates
    Feature record: CXX_FEATURE:1cxx_variadic_macros
    Feature record: CXX_FEATURE:1cxx_variadic_templates


Detecting CXX [-std=c++98] compiler features compiled with the following output:
Change Dir: /home/xiong/workspace/tensorflow-master/tensorflow/lite/project/compile/CMakeFiles/CMakeTmp

Run Build Command:"/usr/bin/make" "cmTC_45ecc/fast"
/usr/bin/make -f CMakeFiles/cmTC_45ecc.dir/build.make CMakeFiles/cmTC_45ecc.dir/build
make[1]: Entering directory '/home/xiong/workspace/tensorflow-master/tensorflow/lite/project/compile/CMakeFiles/CMakeTmp'
Building CXX object CMakeFiles/cmTC_45ecc.dir/feature_tests.cxx.o
/usr/local/arm/bin/aarch64-linux-gnu-g++    -std=c++98 -o CMakeFiles/cmTC_45ecc.dir/feature_tests.cxx.o -c /home/xiong/workspace/tensorflow-master/tensorflow/lite/project/compile/CMakeFiles/feature_tests.cxx
Linking CXX executable cmTC_45ecc
/usr/bin/cmake -E cmake_link_script CMakeFiles/cmTC_45ecc.dir/link.txt --verbose=1
/usr/local/arm/bin/aarch64-linux-gnu-g++       CMakeFiles/cmTC_45ecc.dir/feature_tests.cxx.o  -o cmTC_45ecc 
make[1]: Leaving directory '/home/xiong/workspace/tensorflow-master/tensorflow/lite/project/compile/CMakeFiles/CMakeTmp'


    Feature record: CXX_FEATURE:0cxx_aggregate_default_initializers
    Feature record: CXX_FEATURE:0cxx_alias_templates
    Feature record: CXX_FEATURE:0cxx_alignas
    Feature record: CXX_FEATURE:0cxx_alignof
    Feature record: CXX_FEATURE:0cxx_attributes
    Feature record: CXX_FEATURE:0cxx_attribute_deprecated
    Feature record: CXX_FEATURE:0cxx_auto_type
    Feature record: CXX_FEATURE:0cxx_binary_literals
    Feature record: CXX_FEATURE:0cxx_constexpr
    Feature record: CXX_FEATURE:0cxx_contextual_conversions
    Feature record: CXX_FEATURE:0cxx_decltype
    Feature record: CXX_FEATURE:0cxx_decltype_auto
    Feature record: CXX_FEATURE:0cxx_decltype_incomplete_return_types
    Feature record: CXX_FEATURE:0cxx_default_function_template_args
    Feature record: CXX_FEATURE:0cxx_defaulted_functions
    Feature record: CXX_FEATURE:0cxx_defaulted_move_initializers
    Feature record: CXX_FEATURE:0cxx_delegating_constructors
    Feature record: CXX_FEATURE:0cxx_deleted_functions
    Feature record: CXX_FEATURE:0cxx_digit_separators
    Feature record: CXX_FEATURE:0cxx_enum_forward_declarations
    Feature record: CXX_FEATURE:0cxx_explicit_conversions
    Feature record: CXX_FEATURE:0cxx_extended_friend_declarations
    Feature record: CXX_FEATURE:0cxx_extern_templates
    Feature record: CXX_FEATURE:0cxx_final
    Feature record: CXX_FEATURE:0cxx_func_identifier
    Feature record: CXX_FEATURE:0cxx_generalized_initializers
    Feature record: CXX_FEATURE:0cxx_generic_lambdas
    Feature record: CXX_FEATURE:0cxx_inheriting_constructors
    Feature record: CXX_FEATURE:0cxx_inline_namespaces
    Feature record: CXX_FEATURE:0cxx_lambdas
    Feature record: CXX_FEATURE:0cxx_lambda_init_captures
    Feature record: CXX_FEATURE:0cxx_local_type_template_args
    Feature record: CXX_FEATURE:0cxx_long_long_type
    Feature record: CXX_FEATURE:0cxx_noexcept
    Feature record: CXX_FEATURE:0cxx_nonstatic_member_init
    Feature record: CXX_FEATURE:0cxx_nullptr
    Feature record: CXX_FEATURE:0cxx_override
    Feature record: CXX_FEATURE:0cxx_range_for
    Feature record: CXX_FEATURE:0cxx_raw_string_literals
    Feature record: CXX_FEATURE:0cxx_reference_qualified_functions
    Feature record: CXX_FEATURE:0cxx_relaxed_constexpr
    Feature record: CXX_FEATURE:0cxx_return_type_deduction
    Feature record: CXX_FEATURE:0cxx_right_angle_brackets
    Feature record: CXX_FEATURE:0cxx_rvalue_references
    Feature record: CXX_FEATURE:0cxx_sizeof_member
    Feature record: CXX_FEATURE:0cxx_static_assert
    Feature record: CXX_FEATURE:0cxx_strong_enums
    Feature record: CXX_FEATURE:1cxx_template_template_parameters
    Feature record: CXX_FEATURE:0cxx_thread_local
    Feature record: CXX_FEATURE:0cxx_trailing_return_types
    Feature record: CXX_FEATURE:0cxx_unicode_literals
    Feature record: CXX_FEATURE:0cxx_uniform_initialization
    Feature record: CXX_FEATURE:0cxx_unrestricted_unions
    Feature record: CXX_FEATURE:0cxx_user_literals
    Feature record: CXX_FEATURE:0cxx_variable_templates
    Feature record: CXX_FEATURE:0cxx_variadic_macros
    Feature record: CXX_FEATURE:0cxx_variadic_templates
